<?xml version="1.0" encoding="UTF-8"?>
<testng-results ignored="0" total="3" passed="3" failed="0" skipped="0">
  <reporter-output>
  </reporter-output>
  <suite started-at="2024-09-05T05:22:13 IST" name="Default suite" finished-at="2024-09-05T05:22:17 IST" duration-ms="4111">
    <groups>
    </groups>
    <test started-at="2024-09-05T05:22:13 IST" name="Default test" finished-at="2024-09-05T05:22:17 IST" duration-ms="4111">
      <class name="DynamicJson">
        <test-method signature="addBook(java.lang.String,java.lang.String)[pri:0, instance:DynamicJson@1ed6388a]" started-at="2024-09-05T05:22:13 IST" name="addBook" data-provider="BookData" finished-at="2024-09-05T05:22:16 IST" duration-ms="3582" status="PASS">
          <params>
            <param index="0">
              <value>
                <![CDATA[test]]>
              </value>
            </param>
            <param index="1">
              <value>
                <![CDATA[56788]]>
              </value>
            </param>
          </params>
          <reporter-output>
          </reporter-output>
        </test-method> <!-- addBook -->
        <test-method signature="addBook(java.lang.String,java.lang.String)[pri:0, instance:DynamicJson@1ed6388a]" started-at="2024-09-05T05:22:16 IST" name="addBook" data-provider="BookData" finished-at="2024-09-05T05:22:17 IST" duration-ms="205" status="PASS">
          <params>
            <param index="0">
              <value>
                <![CDATA[test233]]>
              </value>
            </param>
            <param index="1">
              <value>
                <![CDATA[56900]]>
              </value>
            </param>
          </params>
          <reporter-output>
          </reporter-output>
        </test-method> <!-- addBook -->
        <test-method signature="addBook(java.lang.String,java.lang.String)[pri:0, instance:DynamicJson@1ed6388a]" started-at="2024-09-05T05:22:17 IST" name="addBook" data-provider="BookData" finished-at="2024-09-05T05:22:17 IST" duration-ms="215" status="PASS">
          <params>
            <param index="0">
              <value>
                <![CDATA[test33]]>
              </value>
            </param>
            <param index="1">
              <value>
                <![CDATA[5890]]>
              </value>
            </param>
          </params>
          <reporter-output>
          </reporter-output>
        </test-method> <!-- addBook -->
      </class> <!-- DynamicJson -->
    </test> <!-- Default test -->
  </suite> <!-- Default suite -->
</testng-results>
